{
  "stats": {
    "suites": 8,
    "tests": 16,
    "passes": 10,
    "pending": 6,
    "failures": 0,
    "start": "2022-09-25T16:30:05.892Z",
    "end": "2022-09-25T16:30:14.279Z",
    "duration": 8387,
    "testsRegistered": 16,
    "passPercent": 100,
    "pendingPercent": 37.5,
    "other": 0,
    "hasOther": false,
    "skipped": 0,
    "hasSkipped": false
  },
  "results": [
    {
      "uuid": "d5ca8411-5cda-43fb-adfe-ed560751d061",
      "title": "",
      "fullFile": "",
      "file": "",
      "beforeHooks": [],
      "afterHooks": [],
      "tests": [],
      "suites": [
        {
          "uuid": "ff83ebdd-1118-42f9-95ce-34d4026ba11c",
          "title": "User Posts",
          "fullFile": "/Users/Tiger/Desktop/testing practise/api/test/posts.js",
          "file": "/test/posts.js",
          "beforeHooks": [
            {
              "title": "\"before all\" hook in \"User Posts\"",
              "fullTitle": "User Posts \"before all\" hook in \"User Posts\"",
              "timedOut": false,
              "duration": 866,
              "state": null,
              "speed": null,
              "pass": false,
              "fail": false,
              "pending": false,
              "context": null,
              "code": "var self = this,\n    args = arguments;\nreturn new Promise(function (resolve, reject) {\n  var gen = fn.apply(self, args);\n  function _next(value) {\n    asyncGeneratorStep(gen, resolve, reject, _next, _throw, \"next\", value);\n  }\n  function _throw(err) {\n    asyncGeneratorStep(gen, resolve, reject, _next, _throw, \"throw\", err);\n  }\n  _next(undefined);\n});",
              "err": {},
              "uuid": "cd16675b-5ae8-4256-b1ab-610805eed66b",
              "parentUUID": "ff83ebdd-1118-42f9-95ce-34d4026ba11c",
              "isHook": true,
              "skipped": false
            }
          ],
          "afterHooks": [],
          "tests": [
            {
              "title": "/posts",
              "fullTitle": "User Posts /posts",
              "timedOut": false,
              "duration": 569,
              "state": "passed",
              "speed": "slow",
              "pass": true,
              "fail": false,
              "pending": false,
              "context": null,
              "code": "var self = this,\n    args = arguments;\nreturn new Promise(function (resolve, reject) {\n  var gen = fn.apply(self, args);\n  function _next(value) {\n    asyncGeneratorStep(gen, resolve, reject, _next, _throw, \"next\", value);\n  }\n  function _throw(err) {\n    asyncGeneratorStep(gen, resolve, reject, _next, _throw, \"throw\", err);\n  }\n  _next(undefined);\n});",
              "err": {},
              "uuid": "7a073f09-2db5-4df7-bdcd-8d580605684d",
              "parentUUID": "ff83ebdd-1118-42f9-95ce-34d4026ba11c",
              "isHook": false,
              "skipped": false
            },
            {
              "title": "GET/ posts/ :id",
              "fullTitle": "User Posts GET/ posts/ :id",
              "timedOut": false,
              "duration": 698,
              "state": "passed",
              "speed": "slow",
              "pass": true,
              "fail": false,
              "pending": false,
              "context": null,
              "code": "var self = this,\n    args = arguments;\nreturn new Promise(function (resolve, reject) {\n  var gen = fn.apply(self, args);\n  function _next(value) {\n    asyncGeneratorStep(gen, resolve, reject, _next, _throw, \"next\", value);\n  }\n  function _throw(err) {\n    asyncGeneratorStep(gen, resolve, reject, _next, _throw, \"throw\", err);\n  }\n  _next(undefined);\n});",
              "err": {},
              "uuid": "a6c6c38d-b3b1-4a1b-a5a0-890f5af8e036",
              "parentUUID": "ff83ebdd-1118-42f9-95ce-34d4026ba11c",
              "isHook": false,
              "skipped": false
            }
          ],
          "suites": [
            {
              "uuid": "1df83031-7381-4018-83d4-98d4ca9543d3",
              "title": "Negative test",
              "fullFile": "/Users/Tiger/Desktop/testing practise/api/test/posts.js",
              "file": "/test/posts.js",
              "beforeHooks": [],
              "afterHooks": [],
              "tests": [
                {
                  "title": "401 Authentication Failed",
                  "fullTitle": "User Posts Negative test 401 Authentication Failed",
                  "timedOut": false,
                  "duration": 726,
                  "state": "passed",
                  "speed": "slow",
                  "pass": true,
                  "fail": false,
                  "pending": false,
                  "context": null,
                  "code": "var self = this,\n    args = arguments;\nreturn new Promise(function (resolve, reject) {\n  var gen = fn.apply(self, args);\n  function _next(value) {\n    asyncGeneratorStep(gen, resolve, reject, _next, _throw, \"next\", value);\n  }\n  function _throw(err) {\n    asyncGeneratorStep(gen, resolve, reject, _next, _throw, \"throw\", err);\n  }\n  _next(undefined);\n});",
                  "err": {},
                  "uuid": "86b800ca-3acb-4d7a-8859-b53c05655821",
                  "parentUUID": "1df83031-7381-4018-83d4-98d4ca9543d3",
                  "isHook": false,
                  "skipped": false
                },
                {
                  "title": "422 Validation Failed",
                  "fullTitle": "User Posts Negative test 422 Validation Failed",
                  "timedOut": false,
                  "duration": 705,
                  "state": "passed",
                  "speed": "slow",
                  "pass": true,
                  "fail": false,
                  "pending": false,
                  "context": null,
                  "code": "var self = this,\n    args = arguments;\nreturn new Promise(function (resolve, reject) {\n  var gen = fn.apply(self, args);\n  function _next(value) {\n    asyncGeneratorStep(gen, resolve, reject, _next, _throw, \"next\", value);\n  }\n  function _throw(err) {\n    asyncGeneratorStep(gen, resolve, reject, _next, _throw, \"throw\", err);\n  }\n  _next(undefined);\n});",
                  "err": {},
                  "uuid": "3216c8d6-3172-4c8e-a8eb-0e66251745e3",
                  "parentUUID": "1df83031-7381-4018-83d4-98d4ca9543d3",
                  "isHook": false,
                  "skipped": false
                }
              ],
              "suites": [],
              "passes": [
                "86b800ca-3acb-4d7a-8859-b53c05655821",
                "3216c8d6-3172-4c8e-a8eb-0e66251745e3"
              ],
              "failures": [],
              "pending": [],
              "skipped": [],
              "duration": 1431,
              "root": false,
              "rootEmpty": false,
              "_timeout": 5000
            }
          ],
          "passes": [
            "7a073f09-2db5-4df7-bdcd-8d580605684d",
            "a6c6c38d-b3b1-4a1b-a5a0-890f5af8e036"
          ],
          "failures": [],
          "pending": [],
          "skipped": [],
          "duration": 1267,
          "root": false,
          "rootEmpty": false,
          "_timeout": 5000
        },
        {
          "uuid": "aceca818-0358-446e-9c9b-ba8470094c8f",
          "title": "Users",
          "fullFile": "/Users/Tiger/Desktop/testing practise/api/test/users-advanced.js",
          "file": "/test/users-advanced.js",
          "beforeHooks": [],
          "afterHooks": [],
          "tests": [],
          "suites": [
            {
              "uuid": "3f6241cc-ac5f-464a-a5a8-50320abf7253",
              "title": "POST",
              "fullFile": "/Users/Tiger/Desktop/testing practise/api/test/users-advanced.js",
              "file": "/test/users-advanced.js",
              "beforeHooks": [],
              "afterHooks": [],
              "tests": [
                {
                  "title": "/users",
                  "fullTitle": "Users POST /users",
                  "timedOut": false,
                  "duration": 759,
                  "state": "passed",
                  "speed": "slow",
                  "pass": true,
                  "fail": false,
                  "pending": false,
                  "context": null,
                  "code": "var data = {\n  email: \"maxym-\".concat(Math.floor(Math.random() * 9999), \"@mail.com\"),\n  name: \"Max Loza\",\n  gender: \"male\",\n  status: \"inactive\"\n};\nreturn request.post('users').set(\"Authorization\", \"Bearer \".concat(TOKEN)).send(data).then(function (res) {\n  // data.email = \"test@mail.com\"\n  (0, _chai.expect)(res.body.data).to.deep.include(data);\n  userId = res.body.data.id;\n});",
                  "err": {},
                  "uuid": "9368f676-f4d3-4f5b-b6df-baf54bf8c3b4",
                  "parentUUID": "3f6241cc-ac5f-464a-a5a8-50320abf7253",
                  "isHook": false,
                  "skipped": false
                }
              ],
              "suites": [],
              "passes": [
                "9368f676-f4d3-4f5b-b6df-baf54bf8c3b4"
              ],
              "failures": [],
              "pending": [],
              "skipped": [],
              "duration": 759,
              "root": false,
              "rootEmpty": false,
              "_timeout": 5000
            },
            {
              "uuid": "31da72a0-bcd5-4d49-8e8e-36ed1e8dc742",
              "title": "GET",
              "fullFile": "/Users/Tiger/Desktop/testing practise/api/test/users-advanced.js",
              "file": "/test/users-advanced.js",
              "beforeHooks": [],
              "afterHooks": [],
              "tests": [
                {
                  "title": "/users",
                  "fullTitle": "Users GET /users",
                  "timedOut": false,
                  "duration": 875,
                  "state": "passed",
                  "speed": "slow",
                  "pass": true,
                  "fail": false,
                  "pending": false,
                  "context": null,
                  "code": "return request.get(\"users?access-token=\".concat(TOKEN)).then(function (res) {\n  (0, _chai.expect)(res.body.data).to.not.be.empty;\n});",
                  "err": {},
                  "uuid": "71210a4c-abe6-46b0-984e-85a6d6916ce7",
                  "parentUUID": "31da72a0-bcd5-4d49-8e8e-36ed1e8dc742",
                  "isHook": false,
                  "skipped": false
                },
                {
                  "title": "/users/:id",
                  "fullTitle": "Users GET /users/:id",
                  "timedOut": false,
                  "duration": 856,
                  "state": "passed",
                  "speed": "slow",
                  "pass": true,
                  "fail": false,
                  "pending": false,
                  "context": null,
                  "code": "return request.get(\"users/\".concat(userId, \"?access-token=\").concat(TOKEN)).then(function (res) {\n  (0, _chai.expect)(res.body.data.id).to.be.eq(userId);\n});",
                  "err": {},
                  "uuid": "41da8416-90e4-4b31-91bc-9f809a7a21ad",
                  "parentUUID": "31da72a0-bcd5-4d49-8e8e-36ed1e8dc742",
                  "isHook": false,
                  "skipped": false
                },
                {
                  "title": "/users with query params",
                  "fullTitle": "Users GET /users with query params",
                  "timedOut": false,
                  "duration": 885,
                  "state": "passed",
                  "speed": "slow",
                  "pass": true,
                  "fail": false,
                  "pending": false,
                  "context": null,
                  "code": "return request.get(\"users?access-token=\".concat(TOKEN, \"&page=5&gender=female&status=active\")).then(function (res) {\n  (0, _chai.expect)(res.body.data).to.not.be.empty;\n  res.body.data.forEach(function (data) {\n    (0, _chai.expect)(data.gender).to.be.eq(\"female\");\n    (0, _chai.expect)(data.status).to.be.eq(\"active\");\n  });\n});",
                  "err": {},
                  "uuid": "dd7a0d99-07b3-4675-9055-aa97c2a18f89",
                  "parentUUID": "31da72a0-bcd5-4d49-8e8e-36ed1e8dc742",
                  "isHook": false,
                  "skipped": false
                }
              ],
              "suites": [],
              "passes": [
                "71210a4c-abe6-46b0-984e-85a6d6916ce7",
                "41da8416-90e4-4b31-91bc-9f809a7a21ad",
                "dd7a0d99-07b3-4675-9055-aa97c2a18f89"
              ],
              "failures": [],
              "pending": [],
              "skipped": [],
              "duration": 2616,
              "root": false,
              "rootEmpty": false,
              "_timeout": 5000
            },
            {
              "uuid": "c68c7a5e-3631-47e1-9451-d507cc47cf12",
              "title": "PUT",
              "fullFile": "/Users/Tiger/Desktop/testing practise/api/test/users-advanced.js",
              "file": "/test/users-advanced.js",
              "beforeHooks": [],
              "afterHooks": [],
              "tests": [
                {
                  "title": "/users/ :id",
                  "fullTitle": "Users PUT /users/ :id",
                  "timedOut": false,
                  "duration": 826,
                  "state": "passed",
                  "speed": "slow",
                  "pass": true,
                  "fail": false,
                  "pending": false,
                  "context": null,
                  "code": "var data = {\n  status: \"active\",\n  name: \"Mehmed-\".concat(Math.floor(Math.random() * 9999))\n};\nreturn request.put(\"/users/\".concat(userId)).set(\"Authorization\", \"Bearer \".concat(TOKEN)).send(data).then(function (res) {\n  (0, _chai.expect)(res.body.data.status).to.be.eq(data.status);\n  (0, _chai.expect)(res.body.data.name).to.be.eq(data.name);\n  (0, _chai.expect)(res.body.data).to.deep.include(data);\n});",
                  "err": {},
                  "uuid": "6cb14bec-19d2-4702-ac4b-920a8c1a2d65",
                  "parentUUID": "c68c7a5e-3631-47e1-9451-d507cc47cf12",
                  "isHook": false,
                  "skipped": false
                }
              ],
              "suites": [],
              "passes": [
                "6cb14bec-19d2-4702-ac4b-920a8c1a2d65"
              ],
              "failures": [],
              "pending": [],
              "skipped": [],
              "duration": 826,
              "root": false,
              "rootEmpty": false,
              "_timeout": 5000
            },
            {
              "uuid": "6fb3b62e-63b4-4a87-b64c-5229269b7be2",
              "title": "DELETE",
              "fullFile": "/Users/Tiger/Desktop/testing practise/api/test/users-advanced.js",
              "file": "/test/users-advanced.js",
              "beforeHooks": [],
              "afterHooks": [],
              "tests": [
                {
                  "title": "/users/ :id",
                  "fullTitle": "Users DELETE /users/ :id",
                  "timedOut": false,
                  "duration": 606,
                  "state": "passed",
                  "speed": "slow",
                  "pass": true,
                  "fail": false,
                  "pending": false,
                  "context": null,
                  "code": "return request[\"delete\"](\"users/\".concat(userId)).set(\"Authorization\", \"Bearer \".concat(TOKEN)).then(function (res) {\n  (0, _chai.expect)(res.body.data).to.be.eq(null);\n});",
                  "err": {},
                  "uuid": "b524f76a-ce61-491c-a03e-e5258b130daa",
                  "parentUUID": "6fb3b62e-63b4-4a87-b64c-5229269b7be2",
                  "isHook": false,
                  "skipped": false
                }
              ],
              "suites": [],
              "passes": [
                "b524f76a-ce61-491c-a03e-e5258b130daa"
              ],
              "failures": [],
              "pending": [],
              "skipped": [],
              "duration": 606,
              "root": false,
              "rootEmpty": false,
              "_timeout": 5000
            }
          ],
          "passes": [],
          "failures": [],
          "pending": [],
          "skipped": [],
          "duration": 0,
          "root": false,
          "rootEmpty": false,
          "_timeout": 5000
        },
        {
          "uuid": "ca52c138-7219-42cf-8f49-773910268ae2",
          "title": "Users",
          "fullFile": "/Users/Tiger/Desktop/testing practise/api/test/users.js",
          "file": "/test/users.js",
          "beforeHooks": [],
          "afterHooks": [],
          "tests": [
            {
              "title": "GET/users",
              "fullTitle": "Users GET/users",
              "timedOut": false,
              "duration": 0,
              "state": "pending",
              "speed": null,
              "pass": false,
              "fail": false,
              "pending": true,
              "context": null,
              "code": "",
              "err": {},
              "uuid": "8a9edca4-0f8f-4394-bad0-7a0e437884ab",
              "parentUUID": "ca52c138-7219-42cf-8f49-773910268ae2",
              "isHook": false,
              "skipped": false
            },
            {
              "title": "GET /users/:id",
              "fullTitle": "Users GET /users/:id",
              "timedOut": false,
              "duration": 0,
              "state": "pending",
              "speed": null,
              "pass": false,
              "fail": false,
              "pending": true,
              "context": null,
              "code": "",
              "err": {},
              "uuid": "9f3192d1-8883-4bc6-883d-6768e941bcf7",
              "parentUUID": "ca52c138-7219-42cf-8f49-773910268ae2",
              "isHook": false,
              "skipped": false
            },
            {
              "title": "GET /users with query params",
              "fullTitle": "Users GET /users with query params",
              "timedOut": false,
              "duration": 0,
              "state": "pending",
              "speed": null,
              "pass": false,
              "fail": false,
              "pending": true,
              "context": null,
              "code": "",
              "err": {},
              "uuid": "50b41afc-a341-4a5c-995a-67af6b9298cf",
              "parentUUID": "ca52c138-7219-42cf-8f49-773910268ae2",
              "isHook": false,
              "skipped": false
            },
            {
              "title": "POST/users",
              "fullTitle": "Users POST/users",
              "timedOut": false,
              "duration": 0,
              "state": "pending",
              "speed": null,
              "pass": false,
              "fail": false,
              "pending": true,
              "context": null,
              "code": "",
              "err": {},
              "uuid": "78151e38-4f46-497c-a694-1840d6d28e99",
              "parentUUID": "ca52c138-7219-42cf-8f49-773910268ae2",
              "isHook": false,
              "skipped": false
            },
            {
              "title": "PUT /users/ :id",
              "fullTitle": "Users PUT /users/ :id",
              "timedOut": false,
              "duration": 0,
              "state": "pending",
              "speed": null,
              "pass": false,
              "fail": false,
              "pending": true,
              "context": null,
              "code": "",
              "err": {},
              "uuid": "11847877-bd46-424c-9a1a-efb98c3500df",
              "parentUUID": "ca52c138-7219-42cf-8f49-773910268ae2",
              "isHook": false,
              "skipped": false
            },
            {
              "title": "DELETE /users/ :id",
              "fullTitle": "Users DELETE /users/ :id",
              "timedOut": false,
              "duration": 0,
              "state": "pending",
              "speed": null,
              "pass": false,
              "fail": false,
              "pending": true,
              "context": null,
              "code": "",
              "err": {},
              "uuid": "204b9ee8-e6a6-4ec7-8b21-b22c9c5aed2f",
              "parentUUID": "ca52c138-7219-42cf-8f49-773910268ae2",
              "isHook": false,
              "skipped": false
            }
          ],
          "suites": [],
          "passes": [],
          "failures": [],
          "pending": [
            "8a9edca4-0f8f-4394-bad0-7a0e437884ab",
            "9f3192d1-8883-4bc6-883d-6768e941bcf7",
            "50b41afc-a341-4a5c-995a-67af6b9298cf",
            "78151e38-4f46-497c-a694-1840d6d28e99",
            "11847877-bd46-424c-9a1a-efb98c3500df",
            "204b9ee8-e6a6-4ec7-8b21-b22c9c5aed2f"
          ],
          "skipped": [],
          "duration": 0,
          "root": false,
          "rootEmpty": false,
          "_timeout": 5000
        }
      ],
      "passes": [],
      "failures": [],
      "pending": [],
      "skipped": [],
      "duration": 0,
      "root": true,
      "rootEmpty": true,
      "_timeout": 5000
    }
  ],
  "meta": {
    "mocha": {
      "version": "10.0.0"
    },
    "mochawesome": {
      "options": {
        "quiet": false,
        "reportFilename": "mochawesome",
        "saveHtml": true,
        "saveJson": true,
        "consoleReporter": "spec",
        "useInlineDiffs": false,
        "code": true
      },
      "version": "7.1.3"
    },
    "marge": {
      "options": null,
      "version": "6.2.0"
    }
  }
}